method = sample (Default)
  sample
    num_samples = 500
    num_warmup = 500
    save_warmup = 0 (Default)
    thin = 1 (Default)
    adapt
      engaged = 1 (Default)
      gamma = 0.050000000000000003 (Default)
      delta = 0.80000000000000004 (Default)
      kappa = 0.75 (Default)
      t0 = 10 (Default)
      init_buffer = 75 (Default)
      term_buffer = 50 (Default)
      window = 25 (Default)
    algorithm = hmc (Default)
      hmc
        engine = nuts (Default)
          nuts
            max_depth = 10 (Default)
        metric = diag_e (Default)
        metric_file =  (Default)
        stepsize = 1 (Default)
        stepsize_jitter = 0 (Default)
id = 0 (Default)
data
  file = data/Treg_data.Rdump
init = 2 (Default)
random
  seed = 1859647483 (Default)
output
  file = save_csv/Incumbent_3.csv
  diagnostic_file =  (Default)
  refresh = 100 (Default)
  sig_figs = -1 (Default)
  profile_file = profile.csv (Default)
mpi_enabled = 1

method = sample (Default)
  sample
    num_samples = 500
    num_warmup = 500
    save_warmup = 0 (Default)
    thin = 1 (Default)
    adapt
      engaged = 1 (Default)
      gamma = 0.050000000000000003 (Default)
      delta = 0.80000000000000004 (Default)
      kappa = 0.75 (Default)
      t0 = 10 (Default)
      init_buffer = 75 (Default)
      term_buffer = 50 (Default)
      window = 25 (Default)
    algorithm = hmc (Default)
      hmc
        engine = nuts (Default)
          nuts
            max_depth = 10 (Default)
        metric = diag_e (Default)
        metric_file =  (Default)
        stepsize = 1 (Default)
        stepsize_jitter = 0 (Default)
id = 0 (Default)
data
  file = data/Treg_data.Rdump
init = 2 (Default)
random
  seed = 1859647507 (Default)
output
  file = save_csv/Incumbent_1.csv
  diagnostic_file =  (Default)
  refresh = 100 (Default)
  sig_figs = -1 (Default)
  profile_file = profile.csv (Default)
mpi_enabled = 1

method = sample (Default)
  sample
    num_samples = 500
    num_warmup = 500
    save_warmup = 0 (Default)
    thin = 1 (Default)
    adapt
      engaged = 1 (Default)
      gamma = 0.050000000000000003 (Default)
      delta = 0.80000000000000004 (Default)
      kappa = 0.75 (Default)
      t0 = 10 (Default)
      init_buffer = 75 (Default)
      term_buffer = 50 (Default)
      window = 25 (Default)
    algorithm = hmc (Default)
      hmc
        engine = nuts (Default)
          nuts
            max_depth = 10 (Default)
        metric = diag_e (Default)
        metric_file =  (Default)
        stepsize = 1 (Default)
        stepsize_jitter = 0 (Default)
id = 0 (Default)
data
  file = data/Treg_data.Rdump
init = 2 (Default)
random
  seed = 1859647509 (Default)
output
  file = save_csv/Incumbent_4.csv
  diagnostic_file =  (Default)
  refresh = 100 (Default)
  sig_figs = -1 (Default)
  profile_file = profile.csv (Default)
mpi_enabled = 1

method = sample (Default)
  sample
    num_samples = 500
    num_warmup = 500
    save_warmup = 0 (Default)
    thin = 1 (Default)
    adapt
      engaged = 1 (Default)
      gamma = 0.050000000000000003 (Default)
      delta = 0.80000000000000004 (Default)
      kappa = 0.75 (Default)
      t0 = 10 (Default)
      init_buffer = 75 (Default)
      term_buffer = 50 (Default)
      window = 25 (Default)
    algorithm = hmc (Default)
      hmc
        engine = nuts (Default)
          nuts
            max_depth = 10 (Default)
        metric = diag_e (Default)
        metric_file =  (Default)
        stepsize = 1 (Default)
        stepsize_jitter = 0 (Default)
id = 0 (Default)
data
  file = data/Treg_data.Rdump
init = 2 (Default)
random
  seed = 1859647513 (Default)
output
  file = save_csv/Incumbent_2.csv
  diagnostic_file =  (Default)
  refresh = 100 (Default)
  sig_figs = -1 (Default)
  profile_file = profile.csv (Default)
mpi_enabled = 1

Rejecting initial value:
  Error evaluating the log probability at the initial value.
Exception: normal_lpdf: Location parameter[1] is nan, but must be finite! (in 'Treg_dynamics/stan_models/MAP_Incumbent_naiTreg.stan', line 383, column 2 to column 108)
Rejecting initial value:
  Error evaluating the log probability at the initial value.
Exception: normal_lpdf: Location parameter[1] is nan, but must be finite! (in 'Treg_dynamics/stan_models/MAP_Incumbent_naiTreg.stan', line 383, column 2 to column 108)

Gradient evaluation took 0.794121 seconds
1000 transitions using 10 leapfrog steps per transition would take 7941.21 seconds.
Adjust your expectations accordingly!



Gradient evaluation took 0.791758 seconds
1000 transitions using 10 leapfrog steps per transition would take 7917.58 seconds.
Adjust your expectations accordingly!



Gradient evaluation took 0.87789 seconds
1000 transitions using 10 leapfrog steps per transition would take 8778.9 seconds.
Adjust your expectations accordingly!



Gradient evaluation took 1.10013 seconds
1000 transitions using 10 leapfrog steps per transition would take 11001.3 seconds.
Adjust your expectations accordingly!


Iteration:   1 / 1000 [  0%]  (Warmup)
Iteration:   1 / 1000 [  0%]  (Warmup)
Iteration:   1 / 1000 [  0%]  (Warmup)
Iteration:   1 / 1000 [  0%]  (Warmup)
