method = sample (Default)
  sample
    num_samples = 500
    num_warmup = 500
    save_warmup = 0 (Default)
    thin = 1 (Default)
    adapt
      engaged = 1 (Default)
      gamma = 0.050000000000000003 (Default)
      delta = 0.80000000000000004 (Default)
      kappa = 0.75 (Default)
      t0 = 10 (Default)
      init_buffer = 75 (Default)
      term_buffer = 50 (Default)
      window = 25 (Default)
    algorithm = hmc (Default)
      hmc
        engine = nuts (Default)
          nuts
            max_depth = 10 (Default)
        metric = diag_e (Default)
        metric_file =  (Default)
        stepsize = 1 (Default)
        stepsize_jitter = 0 (Default)
id = 0 (Default)
data
  file = data/Treg_data.Rdump
init = 2 (Default)
random
  seed = 1853706364 (Default)
output
  file = save_csv/rtem_4.csv
  diagnostic_file =  (Default)
  refresh = 100 (Default)
  sig_figs = -1 (Default)
  profile_file = profile.csv (Default)
mpi_enabled = 1

method = sample (Default)
  sample
    num_samples = 500
    num_warmup = 500
    save_warmup = 0 (Default)
    thin = 1 (Default)
    adapt
      engaged = 1 (Default)
      gamma = 0.050000000000000003 (Default)
      delta = 0.80000000000000004 (Default)
      kappa = 0.75 (Default)
      t0 = 10 (Default)
      init_buffer = 75 (Default)
      term_buffer = 50 (Default)
      window = 25 (Default)
    algorithm = hmc (Default)
      hmc
        engine = nuts (Default)
          nuts
            max_depth = 10 (Default)
        metric = diag_e (Default)
        metric_file =  (Default)
        stepsize = 1 (Default)
        stepsize_jitter = 0 (Default)
id = 0 (Default)
data
  file = data/Treg_data.Rdump
init = 2 (Default)
random
  seed = 1853706376 (Default)
output
  file = save_csv/rtem_3.csv
  diagnostic_file =  (Default)
  refresh = 100 (Default)
  sig_figs = -1 (Default)
  profile_file = profile.csv (Default)
mpi_enabled = 1

method = sample (Default)
  sample
    num_samples = 500
    num_warmup = 500
    save_warmup = 0 (Default)
    thin = 1 (Default)
    adapt
      engaged = 1 (Default)
      gamma = 0.050000000000000003 (Default)
      delta = 0.80000000000000004 (Default)
      kappa = 0.75 (Default)
      t0 = 10 (Default)
      init_buffer = 75 (Default)
      term_buffer = 50 (Default)
      window = 25 (Default)
    algorithm = hmc (Default)
      hmc
        engine = nuts (Default)
          nuts
            max_depth = 10 (Default)
        metric = diag_e (Default)
        metric_file =  (Default)
        stepsize = 1 (Default)
        stepsize_jitter = 0 (Default)
id = 0 (Default)
data
  file = data/Treg_data.Rdump
init = 2 (Default)
random
  seed = 1853706377 (Default)
output
  file = save_csv/rtem_1.csv
  diagnostic_file =  (Default)
  refresh = 100 (Default)
  sig_figs = -1 (Default)
  profile_file = profile.csv (Default)
mpi_enabled = 1

method = sample (Default)
  sample
    num_samples = 500
    num_warmup = 500
    save_warmup = 0 (Default)
    thin = 1 (Default)
    adapt
      engaged = 1 (Default)
      gamma = 0.050000000000000003 (Default)
      delta = 0.80000000000000004 (Default)
      kappa = 0.75 (Default)
      t0 = 10 (Default)
      init_buffer = 75 (Default)
      term_buffer = 50 (Default)
      window = 25 (Default)
    algorithm = hmc (Default)
      hmc
        engine = nuts (Default)
          nuts
            max_depth = 10 (Default)
        metric = diag_e (Default)
        metric_file =  (Default)
        stepsize = 1 (Default)
        stepsize_jitter = 0 (Default)
id = 0 (Default)
data
  file = data/Treg_data.Rdump
init = 2 (Default)
random
  seed = 1853706387 (Default)
output
  file = save_csv/rtem_2.csv
  diagnostic_file =  (Default)
  refresh = 100 (Default)
  sig_figs = -1 (Default)
  profile_file = profile.csv (Default)
mpi_enabled = 1

Rejecting initial value:
  Error evaluating the log probability at the initial value.
Exception: normal_lpdf: Location parameter[1] is nan, but must be finite! (in 'Treg_dynamics/stan_models/MAP_rtem_naiTreg.stan', line 397, column 2 to column 108)
Rejecting initial value:
  Error evaluating the log probability at the initial value.
Exception: normal_lpdf: Location parameter[1] is nan, but must be finite! (in 'Treg_dynamics/stan_models/MAP_rtem_naiTreg.stan', line 397, column 2 to column 108)
Rejecting initial value:
  Error evaluating the log probability at the initial value.
Exception: normal_lpdf: Location parameter[1] is nan, but must be finite! (in 'Treg_dynamics/stan_models/MAP_rtem_naiTreg.stan', line 397, column 2 to column 108)
Rejecting initial value:
  Error evaluating the log probability at the initial value.
Exception: normal_lpdf: Location parameter[1] is nan, but must be finite! (in 'Treg_dynamics/stan_models/MAP_rtem_naiTreg.stan', line 397, column 2 to column 108)

Gradient evaluation took 1.89795 seconds
1000 transitions using 10 leapfrog steps per transition would take 18979.5 seconds.
Adjust your expectations accordingly!



Gradient evaluation took 1.93331 seconds
1000 transitions using 10 leapfrog steps per transition would take 19333.1 seconds.
Adjust your expectations accordingly!



Gradient evaluation took 2.15217 seconds
1000 transitions using 10 leapfrog steps per transition would take 21521.7 seconds.
Adjust your expectations accordingly!



Gradient evaluation took 2.05281 seconds
1000 transitions using 10 leapfrog steps per transition would take 20528.1 seconds.
Adjust your expectations accordingly!


Iteration:   1 / 1000 [  0%]  (Warmup)
Iteration:   1 / 1000 [  0%]  (Warmup)
Iteration:   1 / 1000 [  0%]  (Warmup)
Iteration:   1 / 1000 [  0%]  (Warmup)
