nohup: ignoring input
Informational Message: The current Metropolis proposal is about to be rejected because of the following issue:
Exception: lub_constrain: lb is 0, but must be less than 0 (in 'Treg_dynamics/stan_models/MAP_Incumbent_naiTreg.stan', line 262, column 2 to column 39)
If this warning occurs sporadically, such as for highly constrained variable types like covariance matrices, then the sampler is fine,
but if this warning occurs often then your model may be either severely ill-conditioned or misspecified.

Informational Message: The current Metropolis proposal is about to be rejected because of the following issue:
Exception: lub_constrain: lb is 0, but must be less than 0 (in 'Treg_dynamics/stan_models/MAP_Incumbent_naiTreg.stan', line 262, column 2 to column 39)
If this warning occurs sporadically, such as for highly constrained variable types like covariance matrices, then the sampler is fine,
but if this warning occurs often then your model may be either severely ill-conditioned or misspecified.

Informational Message: The current Metropolis proposal is about to be rejected because of the following issue:
Exception: lub_constrain: lb is 0, but must be less than 0 (in 'Treg_dynamics/stan_models/MAP_Incumbent_naiTreg.stan', line 262, column 2 to column 39)
If this warning occurs sporadically, such as for highly constrained variable types like covariance matrices, then the sampler is fine,
but if this warning occurs often then your model may be either severely ill-conditioned or misspecified.

Informational Message: The current Metropolis proposal is about to be rejected because of the following issue:
Exception: lub_constrain: lb is 0, but must be less than 0 (in 'Treg_dynamics/stan_models/MAP_Incumbent_naiTreg.stan', line 262, column 2 to column 39)
If this warning occurs sporadically, such as for highly constrained variable types like covariance matrices, then the sampler is fine,
but if this warning occurs often then your model may be either severely ill-conditioned or misspecified.

Informational Message: The current Metropolis proposal is about to be rejected because of the following issue:
Exception: lub_constrain: lb is 0, but must be less than 0 (in 'Treg_dynamics/stan_models/MAP_Incumbent_naiTreg.stan', line 262, column 2 to column 39)
If this warning occurs sporadically, such as for highly constrained variable types like covariance matrices, then the sampler is fine,
but if this warning occurs often then your model may be either severely ill-conditioned or misspecified.

Informational Message: The current Metropolis proposal is about to be rejected because of the following issue:
Exception: lub_constrain: lb is 0, but must be less than 0 (in 'Treg_dynamics/stan_models/MAP_Incumbent_naiTreg.stan', line 262, column 2 to column 39)
If this warning occurs sporadically, such as for highly constrained variable types like covariance matrices, then the sampler is fine,
but if this warning occurs often then your model may be either severely ill-conditioned or misspecified.

Informational Message: The current Metropolis proposal is about to be rejected because of the following issue:
Exception: lub_constrain: lb is 0, but must be less than 0 (in 'Treg_dynamics/stan_models/MAP_Incumbent_naiTreg.stan', line 262, column 2 to column 39)
If this warning occurs sporadically, such as for highly constrained variable types like covariance matrices, then the sampler is fine,
but if this warning occurs often then your model may be either severely ill-conditioned or misspecified.

Informational Message: The current Metropolis proposal is about to be rejected because of the following issue:
Exception: lub_constrain: lb is 0, but must be less than 0 (in 'Treg_dynamics/stan_models/MAP_Incumbent_naiTreg.stan', line 262, column 2 to column 39)
If this warning occurs sporadically, such as for highly constrained variable types like covariance matrices, then the sampler is fine,
but if this warning occurs often then your model may be either severely ill-conditioned or misspecified.

Informational Message: The current Metropolis proposal is about to be rejected because of the following issue:
Exception: lub_constrain: lb is 0, but must be less than 0 (in 'Treg_dynamics/stan_models/MAP_Incumbent_naiTreg.stan', line 262, column 2 to column 39)
If this warning occurs sporadically, such as for highly constrained variable types like covariance matrices, then the sampler is fine,
but if this warning occurs often then your model may be either severely ill-conditioned or misspecified.

Informational Message: The current Metropolis proposal is about to be rejected because of the following issue:
Exception: lub_constrain: lb is 0, but must be less than 0 (in 'Treg_dynamics/stan_models/MAP_Incumbent_naiTreg.stan', line 262, column 2 to column 39)
If this warning occurs sporadically, such as for highly constrained variable types like covariance matrices, then the sampler is fine,
but if this warning occurs often then your model may be either severely ill-conditioned or misspecified.

Informational Message: The current Metropolis proposal is about to be rejected because of the following issue:
Exception: lub_constrain: lb is 0, but must be less than 0 (in 'Treg_dynamics/stan_models/MAP_Incumbent_naiTreg.stan', line 262, column 2 to column 39)
If this warning occurs sporadically, such as for highly constrained variable types like covariance matrices, then the sampler is fine,
but if this warning occurs often then your model may be either severely ill-conditioned or misspecified.

Informational Message: The current Metropolis proposal is about to be rejected because of the following issue:
Exception: lub_constrain: lb is 0, but must be less than 0 (in 'Treg_dynamics/stan_models/MAP_Incumbent_naiTreg.stan', line 262, column 2 to column 39)
If this warning occurs sporadically, such as for highly constrained variable types like covariance matrices, then the sampler is fine,
but if this warning occurs often then your model may be either severely ill-conditioned or misspecified.

Informational Message: The current Metropolis proposal is about to be rejected because of the following issue:
Exception: lub_constrain: lb is 0, but must be less than 0 (in 'Treg_dynamics/stan_models/MAP_Incumbent_naiTreg.stan', line 262, column 2 to column 39)
If this warning occurs sporadically, such as for highly constrained variable types like covariance matrices, then the sampler is fine,
but if this warning occurs often then your model may be either severely ill-conditioned or misspecified.

Informational Message: The current Metropolis proposal is about to be rejected because of the following issue:
Exception: lub_constrain: lb is 0, but must be less than 0 (in 'Treg_dynamics/stan_models/MAP_Incumbent_naiTreg.stan', line 262, column 2 to column 39)
If this warning occurs sporadically, such as for highly constrained variable types like covariance matrices, then the sampler is fine,
but if this warning occurs often then your model may be either severely ill-conditioned or misspecified.

Informational Message: The current Metropolis proposal is about to be rejected because of the following issue:
Exception: lub_constrain: lb is 0, but must be less than 0 (in 'Treg_dynamics/stan_models/MAP_Incumbent_naiTreg.stan', line 262, column 2 to column 39)
If this warning occurs sporadically, such as for highly constrained variable types like covariance matrices, then the sampler is fine,
but if this warning occurs often then your model may be either severely ill-conditioned or misspecified.

Informational Message: The current Metropolis proposal is about to be rejected because of the following issue:
Exception: lub_constrain: lb is 0, but must be less than 0 (in 'Treg_dynamics/stan_models/MAP_Incumbent_naiTreg.stan', line 262, column 2 to column 39)
If this warning occurs sporadically, such as for highly constrained variable types like covariance matrices, then the sampler is fine,
but if this warning occurs often then your model may be either severely ill-conditioned or misspecified.

Informational Message: The current Metropolis proposal is about to be rejected because of the following issue:
Exception: lub_constrain: lb is 0, but must be less than 0 (in 'Treg_dynamics/stan_models/MAP_Incumbent_naiTreg.stan', line 262, column 2 to column 39)
If this warning occurs sporadically, such as for highly constrained variable types like covariance matrices, then the sampler is fine,
but if this warning occurs often then your model may be either severely ill-conditioned or misspecified.

Informational Message: The current Metropolis proposal is about to be rejected because of the following issue:
Exception: lub_constrain: lb is 0, but must be less than 0 (in 'Treg_dynamics/stan_models/MAP_Incumbent_naiTreg.stan', line 262, column 2 to column 39)
If this warning occurs sporadically, such as for highly constrained variable types like covariance matrices, then the sampler is fine,
but if this warning occurs often then your model may be either severely ill-conditioned or misspecified.

Informational Message: The current Metropolis proposal is about to be rejected because of the following issue:
Exception: lub_constrain: lb is 0, but must be less than 0 (in 'Treg_dynamics/stan_models/MAP_Incumbent_naiTreg.stan', line 262, column 2 to column 39)
If this warning occurs sporadically, such as for highly constrained variable types like covariance matrices, then the sampler is fine,
but if this warning occurs often then your model may be either severely ill-conditioned or misspecified.

Informational Message: The current Metropolis proposal is about to be rejected because of the following issue:
Exception: lub_constrain: lb is 0, but must be less than 0 (in 'Treg_dynamics/stan_models/MAP_Incumbent_naiTreg.stan', line 262, column 2 to column 39)
If this warning occurs sporadically, such as for highly constrained variable types like covariance matrices, then the sampler is fine,
but if this warning occurs often then your model may be either severely ill-conditioned or misspecified.

Informational Message: The current Metropolis proposal is about to be rejected because of the following issue:
Exception: lub_constrain: lb is 0, but must be less than 0 (in 'Treg_dynamics/stan_models/MAP_Incumbent_naiTreg.stan', line 262, column 2 to column 39)
If this warning occurs sporadically, such as for highly constrained variable types like covariance matrices, then the sampler is fine,
but if this warning occurs often then your model may be either severely ill-conditioned or misspecified.

Informational Message: The current Metropolis proposal is about to be rejected because of the following issue:
Exception: lub_constrain: lb is 0, but must be less than 0 (in 'Treg_dynamics/stan_models/MAP_Incumbent_naiTreg.stan', line 262, column 2 to column 39)
If this warning occurs sporadically, such as for highly constrained variable types like covariance matrices, then the sampler is fine,
but if this warning occurs often then your model may be either severely ill-conditioned or misspecified.

Informational Message: The current Metropolis proposal is about to be rejected because of the following issue:
Exception: normal_lpdf: Location parameter[1] is nan, but must be finite! (in 'Treg_dynamics/stan_models/MAP_Incumbent_naiTreg.stan', line 383, column 2 to column 108)
If this warning occurs sporadically, such as for highly constrained variable types like covariance matrices, then the sampler is fine,
but if this warning occurs often then your model may be either severely ill-conditioned or misspecified.

Informational Message: The current Metropolis proposal is about to be rejected because of the following issue:
Exception: normal_lpdf: Location parameter[1] is nan, but must be finite! (in 'Treg_dynamics/stan_models/MAP_Incumbent_naiTreg.stan', line 383, column 2 to column 108)
If this warning occurs sporadically, such as for highly constrained variable types like covariance matrices, then the sampler is fine,
but if this warning occurs often then your model may be either severely ill-conditioned or misspecified.

Informational Message: The current Metropolis proposal is about to be rejected because of the following issue:
Exception: lub_constrain: lb is 0, but must be less than 0 (in 'Treg_dynamics/stan_models/MAP_Incumbent_naiTreg.stan', line 262, column 2 to column 39)
If this warning occurs sporadically, such as for highly constrained variable types like covariance matrices, then the sampler is fine,
but if this warning occurs often then your model may be either severely ill-conditioned or misspecified.

Informational Message: The current Metropolis proposal is about to be rejected because of the following issue:
Exception: normal_lpdf: Location parameter[1] is nan, but must be finite! (in 'Treg_dynamics/stan_models/MAP_Incumbent_naiTreg.stan', line 383, column 2 to column 108)
If this warning occurs sporadically, such as for highly constrained variable types like covariance matrices, then the sampler is fine,
but if this warning occurs often then your model may be either severely ill-conditioned or misspecified.

Informational Message: The current Metropolis proposal is about to be rejected because of the following issue:
Exception: normal_lpdf: Location parameter[1] is nan, but must be finite! (in 'Treg_dynamics/stan_models/MAP_Incumbent_naiTreg.stan', line 383, column 2 to column 108)
If this warning occurs sporadically, such as for highly constrained variable types like covariance matrices, then the sampler is fine,
but if this warning occurs often then your model may be either severely ill-conditioned or misspecified.

Informational Message: The current Metropolis proposal is about to be rejected because of the following issue:
Exception: normal_lpdf: Location parameter[4] is nan, but must be finite! (in 'Treg_dynamics/stan_models/MAP_Incumbent_naiTreg.stan', line 383, column 2 to column 108)
If this warning occurs sporadically, such as for highly constrained variable types like covariance matrices, then the sampler is fine,
but if this warning occurs often then your model may be either severely ill-conditioned or misspecified.

Informational Message: The current Metropolis proposal is about to be rejected because of the following issue:
Exception: normal_lpdf: Location parameter[1] is nan, but must be finite! (in 'Treg_dynamics/stan_models/MAP_Incumbent_naiTreg.stan', line 383, column 2 to column 108)
If this warning occurs sporadically, such as for highly constrained variable types like covariance matrices, then the sampler is fine,
but if this warning occurs often then your model may be either severely ill-conditioned or misspecified.

Informational Message: The current Metropolis proposal is about to be rejected because of the following issue:
Exception: lub_constrain: lb is 0, but must be less than 0 (in 'Treg_dynamics/stan_models/MAP_Incumbent_naiTreg.stan', line 262, column 2 to column 39)
If this warning occurs sporadically, such as for highly constrained variable types like covariance matrices, then the sampler is fine,
but if this warning occurs often then your model may be either severely ill-conditioned or misspecified.

Informational Message: The current Metropolis proposal is about to be rejected because of the following issue:
Exception: lub_constrain: lb is 0, but must be less than 0 (in 'Treg_dynamics/stan_models/MAP_Incumbent_naiTreg.stan', line 262, column 2 to column 39)
If this warning occurs sporadically, such as for highly constrained variable types like covariance matrices, then the sampler is fine,
but if this warning occurs often then your model may be either severely ill-conditioned or misspecified.

Informational Message: The current Metropolis proposal is about to be rejected because of the following issue:
Exception: lub_constrain: lb is 0, but must be less than 0 (in 'Treg_dynamics/stan_models/MAP_Incumbent_naiTreg.stan', line 262, column 2 to column 39)
If this warning occurs sporadically, such as for highly constrained variable types like covariance matrices, then the sampler is fine,
but if this warning occurs often then your model may be either severely ill-conditioned or misspecified.

Informational Message: The current Metropolis proposal is about to be rejected because of the following issue:
Exception: lub_constrain: lb is 0, but must be less than 0 (in 'Treg_dynamics/stan_models/MAP_Incumbent_naiTreg.stan', line 262, column 2 to column 39)
If this warning occurs sporadically, such as for highly constrained variable types like covariance matrices, then the sampler is fine,
but if this warning occurs often then your model may be either severely ill-conditioned or misspecified.

Informational Message: The current Metropolis proposal is about to be rejected because of the following issue:
Exception: lub_constrain: lb is 0, but must be less than 0 (in 'Treg_dynamics/stan_models/MAP_Incumbent_naiTreg.stan', line 262, column 2 to column 39)
If this warning occurs sporadically, such as for highly constrained variable types like covariance matrices, then the sampler is fine,
but if this warning occurs often then your model may be either severely ill-conditioned or misspecified.

Informational Message: The current Metropolis proposal is about to be rejected because of the following issue:
Exception: lub_constrain: lb is 0, but must be less than 0 (in 'Treg_dynamics/stan_models/MAP_Incumbent_naiTreg.stan', line 262, column 2 to column 39)
If this warning occurs sporadically, such as for highly constrained variable types like covariance matrices, then the sampler is fine,
but if this warning occurs often then your model may be either severely ill-conditioned or misspecified.

Informational Message: The current Metropolis proposal is about to be rejected because of the following issue:
Exception: lub_constrain: lb is 0, but must be less than 0 (in 'Treg_dynamics/stan_models/MAP_Incumbent_naiTreg.stan', line 262, column 2 to column 39)
If this warning occurs sporadically, such as for highly constrained variable types like covariance matrices, then the sampler is fine,
but if this warning occurs often then your model may be either severely ill-conditioned or misspecified.

Informational Message: The current Metropolis proposal is about to be rejected because of the following issue:
Exception: lub_constrain: lb is 0, but must be less than 0 (in 'Treg_dynamics/stan_models/MAP_Incumbent_naiTreg.stan', line 262, column 2 to column 39)
If this warning occurs sporadically, such as for highly constrained variable types like covariance matrices, then the sampler is fine,
but if this warning occurs often then your model may be either severely ill-conditioned or misspecified.

Informational Message: The current Metropolis proposal is about to be rejected because of the following issue:
Exception: lub_constrain: lb is 0, but must be less than 0 (in 'Treg_dynamics/stan_models/MAP_Incumbent_naiTreg.stan', line 262, column 2 to column 39)
If this warning occurs sporadically, such as for highly constrained variable types like covariance matrices, then the sampler is fine,
but if this warning occurs often then your model may be either severely ill-conditioned or misspecified.

Informational Message: The current Metropolis proposal is about to be rejected because of the following issue:
Exception: normal_lpdf: Location parameter[4] is nan, but must be finite! (in 'Treg_dynamics/stan_models/MAP_Incumbent_naiTreg.stan', line 383, column 2 to column 108)
If this warning occurs sporadically, such as for highly constrained variable types like covariance matrices, then the sampler is fine,
but if this warning occurs often then your model may be either severely ill-conditioned or misspecified.

Informational Message: The current Metropolis proposal is about to be rejected because of the following issue:
Exception: lub_constrain: lb is 0, but must be less than 0 (in 'Treg_dynamics/stan_models/MAP_Incumbent_naiTreg.stan', line 262, column 2 to column 39)
If this warning occurs sporadically, such as for highly constrained variable types like covariance matrices, then the sampler is fine,
but if this warning occurs often then your model may be either severely ill-conditioned or misspecified.

Informational Message: The current Metropolis proposal is about to be rejected because of the following issue:
Exception: lub_constrain: lb is 0, but must be less than 0 (in 'Treg_dynamics/stan_models/MAP_Incumbent_naiTreg.stan', line 262, column 2 to column 39)
If this warning occurs sporadically, such as for highly constrained variable types like covariance matrices, then the sampler is fine,
but if this warning occurs often then your model may be either severely ill-conditioned or misspecified.

Informational Message: The current Metropolis proposal is about to be rejected because of the following issue:
Exception: lub_constrain: lb is 0, but must be less than 0 (in 'Treg_dynamics/stan_models/MAP_Incumbent_naiTreg.stan', line 262, column 2 to column 39)
If this warning occurs sporadically, such as for highly constrained variable types like covariance matrices, then the sampler is fine,
but if this warning occurs often then your model may be either severely ill-conditioned or misspecified.

Informational Message: The current Metropolis proposal is about to be rejected because of the following issue:
Exception: normal_lpdf: Location parameter[1] is nan, but must be finite! (in 'Treg_dynamics/stan_models/MAP_Incumbent_naiTreg.stan', line 383, column 2 to column 108)
If this warning occurs sporadically, such as for highly constrained variable types like covariance matrices, then the sampler is fine,
but if this warning occurs often then your model may be either severely ill-conditioned or misspecified.

