method = sample (Default)
  sample
    num_samples = 300
    num_warmup = 300
    save_warmup = 0 (Default)
    thin = 1 (Default)
    adapt
      engaged = 1 (Default)
      gamma = 0.050000000000000003 (Default)
      delta = 0.80000000000000004 (Default)
      kappa = 0.75 (Default)
      t0 = 10 (Default)
      init_buffer = 75 (Default)
      term_buffer = 50 (Default)
      window = 25 (Default)
    algorithm = hmc (Default)
      hmc
        engine = nuts (Default)
          nuts
            max_depth = 10 (Default)
        metric = diag_e (Default)
        metric_file =  (Default)
        stepsize = 1 (Default)
        stepsize_jitter = 0 (Default)
id = 0 (Default)
data
  file = data/Treg_data.Rdump
init = 2 (Default)
random
  seed = 2124601780 (Default)
output
  file = save_csv/Incumbent_4.csv
  diagnostic_file =  (Default)
  refresh = 100 (Default)
  sig_figs = -1 (Default)
  profile_file = profile.csv (Default)
mpi_enabled = 1

method = sample (Default)
  sample
    num_samples = 300
    num_warmup = 300
    save_warmup = 0 (Default)
    thin = 1 (Default)
    adapt
      engaged = 1 (Default)
      gamma = 0.050000000000000003 (Default)
      delta = 0.80000000000000004 (Default)
      kappa = 0.75 (Default)
      t0 = 10 (Default)
      init_buffer = 75 (Default)
      term_buffer = 50 (Default)
      window = 25 (Default)
    algorithm = hmc (Default)
      hmc
        engine = nuts (Default)
          nuts
            max_depth = 10 (Default)
        metric = diag_e (Default)
        metric_file =  (Default)
        stepsize = 1 (Default)
        stepsize_jitter = 0 (Default)
id = 0 (Default)
data
  file = data/Treg_data.Rdump
init = 2 (Default)
random
  seed = 2124601783 (Default)
output
  file = save_csv/Incumbent_3.csv
  diagnostic_file =  (Default)
  refresh = 100 (Default)
  sig_figs = -1 (Default)
  profile_file = profile.csv (Default)
mpi_enabled = 1

method = sample (Default)
  sample
    num_samples = 300
    num_warmup = 300
    save_warmup = 0 (Default)
    thin = 1 (Default)
    adapt
      engaged = 1 (Default)
      gamma = 0.050000000000000003 (Default)
      delta = 0.80000000000000004 (Default)
      kappa = 0.75 (Default)
      t0 = 10 (Default)
      init_buffer = 75 (Default)
      term_buffer = 50 (Default)
      window = 25 (Default)
    algorithm = hmc (Default)
      hmc
        engine = nuts (Default)
          nuts
            max_depth = 10 (Default)
        metric = diag_e (Default)
        metric_file =  (Default)
        stepsize = 1 (Default)
        stepsize_jitter = 0 (Default)
id = 0 (Default)
data
  file = data/Treg_data.Rdump
init = 2 (Default)
random
  seed = 2124601800 (Default)
output
  file = save_csv/Incumbent_1.csv
  diagnostic_file =  (Default)
  refresh = 100 (Default)
  sig_figs = -1 (Default)
  profile_file = profile.csv (Default)
mpi_enabled = 1

method = sample (Default)
  sample
    num_samples = 300
    num_warmup = 300
    save_warmup = 0 (Default)
    thin = 1 (Default)
    adapt
      engaged = 1 (Default)
      gamma = 0.050000000000000003 (Default)
      delta = 0.80000000000000004 (Default)
      kappa = 0.75 (Default)
      t0 = 10 (Default)
      init_buffer = 75 (Default)
      term_buffer = 50 (Default)
      window = 25 (Default)
    algorithm = hmc (Default)
      hmc
        engine = nuts (Default)
          nuts
            max_depth = 10 (Default)
        metric = diag_e (Default)
        metric_file =  (Default)
        stepsize = 1 (Default)
        stepsize_jitter = 0 (Default)
id = 0 (Default)
data
  file = data/Treg_data.Rdump
init = 2 (Default)
random
  seed = 2124601804 (Default)
output
  file = save_csv/Incumbent_2.csv
  diagnostic_file =  (Default)
  refresh = 100 (Default)
  sig_figs = -1 (Default)
  profile_file = profile.csv (Default)
mpi_enabled = 1


Gradient evaluation took 0.953724 seconds
1000 transitions using 10 leapfrog steps per transition would take 9537.24 seconds.
Adjust your expectations accordingly!



Gradient evaluation took 1.06296 seconds
1000 transitions using 10 leapfrog steps per transition would take 10629.6 seconds.
Adjust your expectations accordingly!



Gradient evaluation took 1.11074 seconds
1000 transitions using 10 leapfrog steps per transition would take 11107.4 seconds.
Adjust your expectations accordingly!



Gradient evaluation took 1.53605 seconds
1000 transitions using 10 leapfrog steps per transition would take 15360.5 seconds.
Adjust your expectations accordingly!


Iteration:   1 / 600 [  0%]  (Warmup)
Iteration:   1 / 600 [  0%]  (Warmup)
Iteration:   1 / 600 [  0%]  (Warmup)
Iteration:   1 / 600 [  0%]  (Warmup)
