stan_models/MAP_Incumbent_alt sample num_samples=500 num_warmup=300 data file=data/Treg_data_S33.Rdump output file=save_csv/Incumbent_alt_s33.csv
method = sample (Default)
  sample
    num_samples = 500
    num_warmup = 300
    save_warmup = 0 (Default)
    thin = 1 (Default)
    adapt
      engaged = 1 (Default)
      gamma = 0.050000000000000003 (Default)
      delta = 0.80000000000000004 (Default)
      kappa = 0.75 (Default)
      t0 = 10 (Default)
      init_buffer = 75 (Default)
      term_buffer = 50 (Default)
      window = 25 (Default)
    algorithm = hmc (Default)
      hmc
        engine = nuts (Default)
          nuts
            max_depth = 10 (Default)
        metric = diag_e (Default)
        metric_file =  (Default)
        stepsize = 1 (Default)
        stepsize_jitter = 0 (Default)
id = 0 (Default)
data
  file = data/Treg_data_S33.Rdump
init = 2 (Default)
random
  seed = 3256029219 (Default)
output
  file = save_csv/Incumbent_alt_c2.csv
  diagnostic_file =  (Default)
  refresh = 100 (Default)
  sig_figs = -1 (Default)
  profile_file = profile.csv (Default)
mpi_enabled = 1

method = sample (Default)
  sample
    num_samples = 500
    num_warmup = 300
    save_warmup = 0 (Default)
    thin = 1 (Default)
    adapt
      engaged = 1 (Default)
      gamma = 0.050000000000000003 (Default)
      delta = 0.80000000000000004 (Default)
      kappa = 0.75 (Default)
      t0 = 10 (Default)
      init_buffer = 75 (Default)
      term_buffer = 50 (Default)
      window = 25 (Default)
    algorithm = hmc (Default)
      hmc
        engine = nuts (Default)
          nuts
            max_depth = 10 (Default)
        metric = diag_e (Default)
        metric_file =  (Default)
        stepsize = 1 (Default)
        stepsize_jitter = 0 (Default)
id = 0 (Default)
data
  file = data/Treg_data_S33.Rdump
init = 2 (Default)
random
  seed = 3256029248 (Default)
output
  file = save_csv/Incumbent_alt_c1.csv
  diagnostic_file =  (Default)
  refresh = 100 (Default)
  sig_figs = -1 (Default)
  profile_file = profile.csv (Default)
mpi_enabled = 1


Gradient evaluation took 0.193378 seconds
1000 transitions using 10 leapfrog steps per transition would take 1933.78 seconds.
Adjust your expectations accordingly!



Gradient evaluation took 0.160082 seconds
1000 transitions using 10 leapfrog steps per transition would take 1600.82 seconds.
Adjust your expectations accordingly!


Iteration:   1 / 800 [  0%]  (Warmup)
Iteration:   1 / 800 [  0%]  (Warmup)
Iteration: 100 / 800 [ 12%]  (Warmup)
Iteration: 100 / 800 [ 12%]  (Warmup)
Iteration: 200 / 800 [ 25%]  (Warmup)
Iteration: 200 / 800 [ 25%]  (Warmup)
Iteration: 300 / 800 [ 37%]  (Warmup)
Iteration: 301 / 800 [ 37%]  (Sampling)
Iteration: 300 / 800 [ 37%]  (Warmup)
Iteration: 301 / 800 [ 37%]  (Sampling)
Iteration: 400 / 800 [ 50%]  (Sampling)
Iteration: 400 / 800 [ 50%]  (Sampling)
Iteration: 500 / 800 [ 62%]  (Sampling)
Iteration: 600 / 800 [ 75%]  (Sampling)
Iteration: 700 / 800 [ 87%]  (Sampling)
Iteration: 800 / 800 [100%]  (Sampling)

 Elapsed Time: 13491.1 seconds (Warm-up)
               2552.1 seconds (Sampling)
               16043.2 seconds (Total)

Iteration: 500 / 800 [ 62%]  (Sampling)
Iteration: 600 / 800 [ 75%]  (Sampling)
Iteration: 700 / 800 [ 87%]  (Sampling)
Iteration: 800 / 800 [100%]  (Sampling)

 Elapsed Time: 10324.4 seconds (Warm-up)
               11493 seconds (Sampling)
               21817.4 seconds (Total)

