stan_models/MAP_Incumbent_naiTreg sample num_samples=500 num_warmup=300 data file=data/Treg_data.Rdump output file=save_csv/Incumbent_s33.csv
method = sample (Default)
  sample
    num_samples = 500
    num_warmup = 300
    save_warmup = 0 (Default)
    thin = 1 (Default)
    adapt
      engaged = 1 (Default)
      gamma = 0.050000000000000003 (Default)
      delta = 0.80000000000000004 (Default)
      kappa = 0.75 (Default)
      t0 = 10 (Default)
      init_buffer = 75 (Default)
      term_buffer = 50 (Default)
      window = 25 (Default)
    algorithm = hmc (Default)
      hmc
        engine = nuts (Default)
          nuts
            max_depth = 10 (Default)
        metric = diag_e (Default)
        metric_file =  (Default)
        stepsize = 1 (Default)
        stepsize_jitter = 0 (Default)
id = 0 (Default)
data
  file = data/Treg_data_S33.Rdump
init = 2 (Default)
random
  seed = 4028756379 (Default)
output
  file = save_csv/Incumbent_c1.csv
  diagnostic_file =  (Default)
  refresh = 100 (Default)
  sig_figs = -1 (Default)
  profile_file = profile.csv (Default)
mpi_enabled = 1


Gradient evaluation took 0.146929 seconds
1000 transitions using 10 leapfrog steps per transition would take 1469.29 seconds.
Adjust your expectations accordingly!


